  ECSManager.cpp
C:\Users\satgu\source\repos\2021 Game\Source\ECSManager.h(85,28): warning C4244: '=': conversion from 'double' to 'int', possible loss of data
C:\Users\satgu\source\repos\2021 Game\Source\ECSManager.h(86,28): warning C4244: '=': conversion from 'double' to 'int', possible loss of data
C:\Users\satgu\source\repos\2021 Game\Source\ECSManager.h(119,35): warning C4244: '=': conversion from 'double' to 'int', possible loss of data
C:\Users\satgu\source\repos\2021 Game\Source\ECSManager.h(120,35): warning C4244: '=': conversion from 'double' to 'int', possible loss of data
C:\Users\satgu\source\repos\2021 Game\Source\ECSManager.h(121,35): warning C4244: '=': conversion from 'double' to 'int', possible loss of data
C:\Users\satgu\source\repos\2021 Game\Source\ECSManager.h(122,35): warning C4244: '=': conversion from 'double' to 'int', possible loss of data
  main.cpp
C:\Users\satgu\source\repos\2021 Game\Source\Camera.h(39,21): warning C4244: '=': conversion from 'double' to 'int', possible loss of data
C:\Users\satgu\source\repos\2021 Game\Source\Camera.h(40,21): warning C4244: '=': conversion from 'double' to 'int', possible loss of data
C:\Users\satgu\source\repos\2021 Game\Source\Camera.h(43,34): warning C4244: '=': conversion from 'double' to 'int', possible loss of data
C:\Users\satgu\source\repos\2021 Game\Source\Camera.h(44,34): warning C4244: '=': conversion from 'double' to 'int', possible loss of data
C:\Users\satgu\source\repos\2021 Game\Source\Camera.h(93,33): warning C4244: '=': conversion from 'double' to 'int', possible loss of data
C:\Users\satgu\source\repos\2021 Game\Source\Camera.h(94,33): warning C4244: '=': conversion from 'double' to 'int', possible loss of data
C:\Users\satgu\source\repos\2021 Game\Source\Camera.h(95,21): warning C4244: '=': conversion from 'double' to 'int', possible loss of data
C:\Users\satgu\source\repos\2021 Game\Source\Camera.h(96,21): warning C4244: '=': conversion from 'double' to 'int', possible loss of data
C:\Users\satgu\source\repos\2021 Game\Source\ECSManager.h(85,28): warning C4244: '=': conversion from 'double' to 'int', possible loss of data
C:\Users\satgu\source\repos\2021 Game\Source\ECSManager.h(86,28): warning C4244: '=': conversion from 'double' to 'int', possible loss of data
C:\Users\satgu\source\repos\2021 Game\Source\ECSManager.h(119,35): warning C4244: '=': conversion from 'double' to 'int', possible loss of data
C:\Users\satgu\source\repos\2021 Game\Source\ECSManager.h(120,35): warning C4244: '=': conversion from 'double' to 'int', possible loss of data
C:\Users\satgu\source\repos\2021 Game\Source\ECSManager.h(121,35): warning C4244: '=': conversion from 'double' to 'int', possible loss of data
C:\Users\satgu\source\repos\2021 Game\Source\ECSManager.h(122,35): warning C4244: '=': conversion from 'double' to 'int', possible loss of data
C:\Users\satgu\source\repos\2021 Game\Source\main.cpp(24,27): warning C4244: 'initializing': conversion from 'double' to 'int', possible loss of data
C:\Users\satgu\source\repos\2021 Game\Source\main.cpp(25,28): warning C4244: 'initializing': conversion from 'double' to 'int', possible loss of data
C:\Users\satgu\source\repos\2021 Game\Source\main.cpp(26,27): warning C4244: 'initializing': conversion from 'double' to 'int', possible loss of data
C:\Users\satgu\source\repos\2021 Game\Source\main.cpp(27,28): warning C4244: 'initializing': conversion from 'double' to 'int', possible loss of data
C:\Users\satgu\source\repos\2021 Game\Source\main.cpp(92,56): warning C4244: 'argument': conversion from 'double' to 'int', possible loss of data
C:\Users\satgu\source\repos\2021 Game\Source\main.cpp(158,54): warning C4244: 'argument': conversion from 'double' to 'int', possible loss of data
C:\Users\satgu\source\repos\2021 Game\Source\main.cpp(158,48): warning C4244: 'argument': conversion from 'double' to 'int', possible loss of data
C:\Users\satgu\source\repos\2021 Game\Source\main.cpp(164,143): warning C4244: 'argument': conversion from 'double' to 'int', possible loss of data
C:\Users\satgu\source\repos\2021 Game\Source\main.cpp(164,112): warning C4244: 'argument': conversion from 'double' to 'int', possible loss of data
C:\Users\satgu\source\repos\2021 Game\Source\main.cpp(164,82): warning C4244: 'argument': conversion from 'double' to 'int', possible loss of data
C:\Users\satgu\source\repos\2021 Game\Source\main.cpp(167,92): warning C4244: 'argument': conversion from 'double' to 'int', possible loss of data
  Generating Code...
  2021 Game.vcxproj -> C:\Users\satgu\source\repos\2021 Game\x64\Debug\2021 Game.exe
